<?xml version="1.0" encoding="UTF-8"?>
<!-- Generated by org.testng.reporters.JUnitReportReporter -->
<testsuite hostname="LAPTOP-A5IMFISJ" failures="0" tests="2" name="BraggIndia.Tests.ErrorValidation" time="101.534" errors="0" timestamp="2024-08-17T20:41:19 IST" skipped="0">
  <testcase classname="BraggIndia.Tests.ErrorValidation" name="ErrorMessageValidation" time="50.445"/>
  <testcase classname="BraggIndia.Tests.ErrorValidation" name="ErrorMessageValidation" time="51.089"/>
</testsuite> <!-- BraggIndia.Tests.ErrorValidation -->
